242
67 19424
98 19391
137 19344
141 18515
196 18434
232 18426
254 18396
259 2619
285 1880
292 1822
318 598
353 536
357 498
618 1802
653 766
716 757
791 1775
796 1351
806 1056
848 1010
1079 1323
1090 1290
1127 1265
1205 1228
1353 1706
1357 1442
1560 1679
1970 2618
2001 2588
2038 2155
2091 2138
2206 2576
2323 2458
2330 2371
2499 2563
2665 18352
2714 6428
2721 6424
2774 6357
2833 6197
2841 6134
2874 6113
2875 2894
2942 3282
2955 3191
2978 3187
3123 3132
3309 6076
3372 6042
3404 5850
3432 5325
3575 3590
3600 5304
3625 5246
3677 5242
3700 5138
3705 5098
3711 3769
3801 5094
3807 4796
3867 4755
3875 3884
4008 4650
4023 4120
4093 4102
4187 4603
4211 4352
4216 4259
4295 4333
4399 4410
4421 4571
4658 4717
4803 5087
4856 5043
4860 4985
5370 5842
5383 5816
5404 5650
5429 5645
5666 5803
5874 6034
5892 5984
6447 18237
6469 18231
6556 7191
6623 7190
6624 6740
6756 7074
6769 7035
6912 7018
7195 7229
7230 18219
7257 18175
7344 18158
7345 18048
7371 17964
7408 17960
7440 17566
7445 17529
7483 17347
7501 17114
7508 17066
7535 9705
7551 8761
7552 8594
7557 8291
7568 8017
7578 7716
7593 7676
7910 7990
8042 8287
8085 8286
8169 8177
8265 8279
8298 8417
8324 8397
8439 8575
8554 8573
8714 8753
8770 9693
8805 9669
8851 9099
8858 9025
8895 8989
8961 8977
9155 9614
9162 9202
9236 9294
9321 9591
9479 9526
9824 17055
9842 17034
9846 16956
9851 16872
9910 9914
9949 11077
9976 11066
10001 10083
10085 10138
10150 11042
10167 11040
10215 10249
10252 10646
10255 10331
10429 10500
10507 10571
10674 10735
10754 10932
10952 11036
11080 16827
11175 16649
11202 16619
11259 16604
11361 16599
11371 16591
11388 11413
11457 16583
11508 11533
11579 16259
11603 16130
11645 11820
11729 11774
11844 16090
11894 16081
11929 16062
11979 15930
11993 15926
12034 15237
12035 15217
12154 15100
12155 14221
12192 14187
12210 13044
12346 13028
12361 12564
12402 12429
12566 12658
12667 13027
12680 13014
12693 12999
13060 14161
13107 14018
13265 14014
13316 13560
13369 13555
13416 13439
13458 13542
13576 13785
13626 13667
13628 13638
13790 14008
13858 13893
14046 14070
14103 14138
14264 15095
14293 14903
14350 14882
14356 14866
14376 14446
14463 14500
14502 14689
14610 14652
14708 14857
14961 15010
15129 15180
15253 15891
15258 15889
15279 15873
15389 15743
15484 15734
15500 15625
15648 15707
15947 16061
16212 16240
16307 16523
16359 16441
16450 16493
16653 16710
16725 16735
17145 17298
17166 17295
17357 17512
17373 17480
17394 17412
17573 17935
17652 17902
17663 17859
17733 17838
17775 17823
18532 19320
18565 19290
18596 19031
18637 18917
18709 18879
18738 18751
18767 18864
19058 19228
19121 19200
19492 19596
19704 19998
19728 19868
19746 19867
