705
78 180
185 237
192 193
259 327
278 279
382 383
406 39881
448 39759
471 962
472 956
482 483
489 510
636 637
664 665
770 771
798 812
802 803
814 913
864 865
954 955
970 1173
1224 1236
1262 1322
1264 1265
1336 1337
1347 39742
1350 1351
1357 5262
1394 1395
1412 1413
1454 5222
1456 4923
1459 4915
1551 4880
1624 3839
1642 1643
1651 1676
1682 2341
1727 2319
1771 2224
1783 2025
1816 1817
1854 1855
1870 1871
1926 1927
1950 1951
1952 1953
2178 2179
2186 2187
2334 2335
2346 3737
2394 2395
2423 2475
2499 3686
2505 2553
2550 2551
2630 3038
2648 3024
2726 2885
2766 2767
2888 2889
2898 2899
3073 3680
3087 3670
3112 3138
3122 3123
3146 3355
3147 3317
3280 3281
3368 3621
3826 3827
3854 4849
3872 4807
3948 3949
3969 4273
4078 4079
4124 4268
4136 4137
4184 4185
4208 4209
4260 4261
4348 4793
4350 4351
4383 4766
4388 4545
4428 4429
4442 4443
4612 4613
4668 4669
4672 4673
4772 4773
4838 4839
4943 4989
4964 4965
5004 5005
5068 5175
5180 5181
5224 5225
5304 39727
5328 6210
5360 6181
5397 6134
5406 5462
5534 5535
5546 5547
5613 6115
5656 5657
5684 5685
5788 5945
5868 5869
5936 5937
6074 6079
6242 39702
6286 6287
6324 39693
6392 39171
6396 38988
6415 38943
6432 6433
6470 6471
6481 38869
6512 6536
6574 6594
6598 38777
6632 6633
6637 37871
6662 8044
6702 7983
6724 6725
6728 7941
6768 6769
6780 6781
6786 6787
6798 6799
6910 6911
6985 7928
7028 7830
7070 7071
7145 7763
7184 7185
7263 7757
7469 7697
7574 7670
7652 7653
7686 7687
7728 7729
7778 7779
7790 7791
7956 7957
8094 37870
8108 37333
8146 25926
8174 8175
8176 25826
8202 8203
8242 8243
8264 25568
8275 10090
8276 9814
8326 8327
8343 9605
8404 8405
8458 9357
8494 8495
8587 9290
8606 8607
8617 9285
8635 9029
8668 8989
8786 8938
9044 9220
9246 9247
9402 9590
9638 9639
9642 9776
9656 9657
9711 9729
9720 9721
9837 10086
9876 10056
9894 9895
9948 9949
10034 10035
10068 10069
10082 10083
10128 25567
10172 10480
10192 10193
10368 10369
10468 10469
10482 25566
10532 25560
10586 10587
10608 10609
10616 10878
10680 10681
10832 10833
10888 10947
10968 25531
10985 25485
11016 11017
11022 25421
11100 24840
11114 24657
11118 24590
11144 11145
11173 12059
11234 11235
11313 11743
11446 11721
11476 11639
11516 11517
11616 11617
11654 11655
11684 11694
11744 11745
11746 11747
11750 11751
11789 11921
11795 11912
11934 11935
11944 11945
11961 12048
11988 11989
12002 12003
12077 24524
12082 12083
12127 24087
12161 23724
12174 12175
12220 23627
12233 12270
12282 23386
12332 23349
12382 21355
12392 21295
12402 21279
12408 12409
12430 12431
12439 12459
12461 21243
12520 12521
12558 21205
12578 12579
12680 21133
12682 12683
12764 12765
12793 21083
12807 20938
12829 20933
12838 12853
12876 12877
12914 12915
12918 12919
12936 12937
12969 20615
13018 20473
13108 13109
13111 20468
13139 13543
13318 13319
13427 13506
13460 13461
13498 13499
13544 13545
13551 20333
13558 20032
13579 20002
13608 19581
13631 19517
13660 13661
13674 13675
13724 13725
13799 19482
13803 19357
13814 19356
13850 13964
13993 14890
14016 14017
14036 14615
14064 14523
14083 14443
14130 14131
14141 14155
14258 14259
14284 14363
14358 14359
14404 14405
14416 14424
14426 14427
14547 14572
14610 14611
14626 14627
14642 14643
14730 14731
14741 14875
14799 14868
14888 14889
14901 16228
14945 16224
14956 14957
15008 16190
15048 15984
15072 15123
15104 15105
15195 15937
15202 15203
15238 15239
15262 15263
15312 15801
15350 15351
15426 15740
15450 15451
15488 15556
15500 15501
15674 15675
15866 15867
15898 15899
15978 15979
16037 16186
16066 16067
16212 16213
16260 16261
16262 19322
16266 17605
16333 16370
16423 17507
16484 17304
16495 16510
16556 16752
16758 17282
16821 17177
16849 17175
16946 16947
16978 16979
17009 17053
17040 17041
17072 17073
17250 17251
17360 17361
17384 17474
17488 17489
17518 17519
17640 17641
17674 17675
17695 19290
17704 17705
17822 19254
17896 17897
17917 18710
17920 17921
17937 18584
17946 18562
17999 18560
18082 18365
18084 18085
18182 18254
18184 18185
18421 18481
18520 18521
18572 18573
18674 18675
18732 18733
18751 18850
18884 18885
18896 18897
18908 18909
18929 19223
19206 19207
19655 19969
19711 19719
19762 19763
19800 19801
19814 19922
20080 20279
20146 20169
20194 20195
20214 20215
20228 20229
20346 20347
20376 20433
20481 20563
20488 20489
20683 20851
20712 20769
20800 20801
20848 20849
20936 20937
21162 21163
21182 21183
21210 21211
21302 21303
21387 23271
21404 23048
21419 23001
21483 22979
21518 22743
21519 21731
21524 21700
21584 21585
21606 21607
21814 22526
21873 22204
22100 22101
22126 22190
22178 22179
22216 22217
22230 22497
22306 22496
22591 22640
22622 22623
22634 22635
22643 22741
22706 22707
22841 22865
22867 22946
22870 22871
22876 22877
22898 22899
22968 22969
22988 22989
23052 23244
23090 23091
23107 23131
23175 23216
23180 23181
23268 23269
23382 23383
23640 23708
23694 23695
23780 23781
23786 23787
23802 23956
23894 23895
24070 24071
24072 24073
24090 24518
24141 24239
24180 24181
24298 24481
24320 24321
24330 24331
24332 24333
24343 24349
24361 24465
24386 24387
24746 24754
24852 25400
24868 25342
24878 24879
24987 25297
25050 25275
25120 25121
25134 25135
25146 25147
25210 25211
25298 25299
25366 25367
25494 25495
25624 25819
25629 25750
25641 25642
25670 25671
25678 25679
25706 25707
25814 25815
25845 25882
25898 25899
25930 25931
25960 37322
25977 37267
26002 26003
26044 37239
26072 26073
26092 26249
26255 26808
26268 26269
26271 26798
26284 26285
26334 26335
26407 26788
26492 26493
26551 26765
26595 26615
26706 26762
26770 26771
26804 26805
26810 26811
26888 37148
26916 37093
26933 37033
26970 26971
27022 36958
27048 36820
27114 27115
27146 36781
27168 27169
27242 27243
27253 27321
27344 36765
27352 36196
27399 36009
27405 35968
27497 27498
27502 27503
27504 27505
27514 27633
27535 27595
27596 27597
27763 35900
27786 35838
27860 27861
27900 35808
27940 35803
28030 28031
28122 28123
28131 35794
28196 28845
28212 28213
28335 28542
28350 28351
28382 28383
28488 28489
28550 28696
28582 28583
28688 28689
28732 28733
28744 28745
28750 28751
28760 28844
28846 35778
28916 28917
28953 35703
28990 35614
28994 35613
29047 35610
29094 29095
29197 34358
29214 29215
29250 34349
29317 29397
29528 29529
29592 34324
29622 34292
29724 29725
29736 34054
29760 29761
29772 29773
29794 33996
29818 33935
29838 33878
29842 33834
30046 30047
30061 33830
30086 30087
30094 33723
30118 30148
30166 30167
30171 33632
30204 30205
30242 30243
30292 30293
30346 33629
30418 30419
30424 30425
30429 30563
30611 33622
30622 32244
30642 30643
30682 30683
30688 32199
30726 32159
30734 30735
30769 32101
30782 30797
30992 30993
31000 31001
31028 31029
31075 31217
31091 31207
31160 31161
31249 31269
31254 31255
31285 32066
31292 31333
31314 31315
31371 32027
31390 31456
31472 31473
31500 31501
31654 32018
31692 31693
31718 32002
31771 31817
31862 31863
31868 31869
32036 32037
32220 32221
32321 32444
32328 32329
32366 32367
32448 32449
32479 32572
32496 32497
32575 33601
32614 33578
32616 32617
32678 33421
32695 33405
32704 32705
32738 32739
32866 33359
32946 32947
33044 33092
33226 33227
33258 33259
33446 33447
33502 33572
33504 33505
33560 33561
33870 33871
34006 34007
34201 34273
34346 34347
34376 35597
34398 35580
34437 34942
34469 34602
34682 34938
34802 34803
35044 35434
35084 35085
35104 35105
35139 35433
35380 35381
35388 35389
35416 35421
35468 35469
35542 35543
35678 35679
35684 35685
35776 35777
35870 35871
35962 35963
35974 35975
35984 35985
36194 36195
36222 36741
36224 36704
36231 36491
36402 36403
36577 36628
36640 36641
36648 36649
36664 36665
36698 36699
36974 36975
36992 36993
37016 37017
37054 37055
37286 37287
37386 37853
37478 37635
37488 37489
37569 37631
37693 37767
37702 37703
37785 37827
37801 37811
37808 37809
37848 37849
37883 38731
37888 38647
37904 37905
37941 38591
37962 37963
37982 37983
38080 38081
38091 38336
38128 38129
38158 38159
38170 38171
38188 38189
38190 38191
38240 38241
38372 38373
38546 38583
38552 38553
38638 38639
38764 38765
38884 38885
38912 38913
39038 39152
39042 39043
39044 39094
39176 39177
39206 39347
39360 39607
39377 39559
39416 39417
39480 39481
39529 39534
39530 39531
39602 39603
39640 39641
