-12191
54 18 -26
87 81 -80
87 88 -96
85 46 -65
20 85 -46
87 31 -43
87 1 -100
92 61 19
99 81 -64
68 92 -58
23 56 -84
94 39 -74
68 52 -71
21 32 -75
21 84 -85
99 96 -57
99 27 -99
33 35 -22
33 72 -25
95 5 -59
7 19 -34
7 65 -70
15 20 -87
95 69 -25
95 22 -51
49 24 -92
2 49 -79
39 8 -2
39 76 -38
20 64 -34
32 27 -70
74 73 -100
32 57 -66
88 79 -91
74 56 -38
32 88 -19
32 92 -22
72 53 -1
73 72 16
33 39 39
94 74 -94
94 83 7
99 68 17
94 16 19
0 21 8
43 65 -97
92 99 26
92 2 -40
10 12 -89
23 95 7
92 10 25
92 55 -59
91 52 -13
91 3 -99
91 48 -39
91 76 -64
91 73 19
13 64 14
81 13 -31
19 55 -26
19 7 -63
13 19 -21
55 81 -21
55 52 -5
55 92 8
59 68 16
45 6 -82
62 45 -80
62 39 -98
59 47 -35
13 55 24
13 76 -12
13 50 -34
92 95 4
92 81 -25
16 17 34
16 25 -33
16 1 -93
16 99 4
79 58 -69
35 93 -20
46 35 -20
12 22 7
12 2 -3
16 79 15
16 39 -90
16 51 -98
16 97 -69
16 61 -3
16 30 -94
43 84 -63
0 43 36
0 27 -23
0 12 -50
0 83 -89
0 20 -12
0 63 -54
0 58 -43
40 64 10
40 76 -88
40 58 -15
40 94 -24
0 40 50
94 64 -71
94 24 -79
94 80 9
89 22 40
89 4 -80
89 84 -44
89 32 30
89 98 -24
44 51 42
50 72 1
50 66 -92
50 46 -61
50 70 -76
50 26 -44
50 98 -20
44 50 30
11 54 55
89 83 51
89 64 -10
89 54 11
60 75 -26
53 97 22
53 80 -44
53 65 -70
53 93 -70
14 1 -56
14 54 -52
14 97 -83
53 14 -45
53 54 -82
53 52 -86
82 43 -8
53 82 11
53 43 -49
53 40 2
53 8 -38
53 68 -32
76 80 -16
76 66 -41
9 48 -6
70 73 -20
70 83 17
93 12 44
93 63 -73
93 24 -83
85 86 -87
85 69 -91
85 57 -94
85 8 -56
85 23 -96
85 3 -59
93 85 -32
93 3 -89
2 97 51
60 93 53
7 28 -19
84 69 25
84 45 -88
77 70 60
43 62 46
43 12 -87
43 67 -54
43 49 -25
43 7 -26
50 23 52
50 76 -85
50 60 -66
50 83 -98
50 79 2
63 74 2
63 72 43
63 73 -64
63 66 -68
50 63 44
50 6 -63
50 15 19
50 35 -31
43 47 -32
77 44 51
73 5 58
73 64 -6
73 25 -93
51 97 -62
47 62 -28
47 88 -75
47 93 -74
14 80 13
51 47 53
51 6 -96
51 98 -72
51 89 39
32 2 -7
56 37 -32
32 56 2
32 30 -55
67 58 -9
67 66 -53
34 7 -29
34 68 -73
34 86 -29
3 19 25
3 8 -83
57 74 -33
57 41 -75
57 93 15
57 59 7
57 52 -3
57 97 -96
41 39 -39
48 76 14
48 21 -4
48 2 22
48 15 -30
48 53 -74
48 10 -33
48 18 -53
66 55 -6
66 9 -84
41 48 45
76 29 34
76 55 -67
76 63 -60
76 86 -80
67 34 48
35 8 11
35 34 -60
35 61 11
35 14 -29
35 72 -23
67 35 18
67 49 -86
67 90 13
67 9 16
67 84 -51
60 84 60
60 79 19
60 63 -77
71 89 15
60 49 26
60 86 -70
70 7 -91
70 17 -33
70 77 -60
70 8 -88
89 12 6
89 37 -52
89 63 43
35 18 22
35 64 -67
35 22 -96
39 20 54
39 63 -44
39 78 30
39 46 -41
39 64 29
80 11 43
80 97 -22
80 66 -75
80 54 -26
80 68 -84
41 34 2
89 53 50
19 12 38
37 27 -21
37 40 21
37 61 45
46 3 35
37 58 40
37 45 -99
37 59 -18
37 44 -14
19 81 5
64 54 41
64 95 22
64 42 -74
19 25 45
19 47 -51
10 99 -25
79 46 20
79 30 -57
79 3 -46
79 25 -9
10 79 22
10 90 -77
10 88 -73
10 94 11
17 94 65
17 95 -25
17 39 -4
17 56 -24
17 55 -45
17 28 -52
17 54 -7
17 79 2
52 23 66
52 22 -53
52 48 -93
52 86 -62
52 46 35
52 97 -50
79 77 53
79 71 -62
79 26 -86
88 63 -16
88 55 -82
88 97 -74
88 78 -88
38 20 6
38 85 -59
38 30 -26
7 4 31
5 70 -16
5 21 44
8 23 49
29 46 53
29 90 46
29 26 -42
29 75 12
29 64 51
29 99 -66
8 74 35
75 77 45
75 44 -88
75 69 -80
75 24 -4
75 6 24
75 40 -3
75 84 -5
75 95 -43
5 31 -54
5 64 31
97 11 12
97 39 20
97 35 -47
97 27 -93
97 54 -62
97 2 -36
94 21 78
94 55 -37
96 59 54
96 46 -84
96 40 30
96 42 -80
96 78 -74
96 25 25
97 83 56
97 56 -3
21 68 62
21 41 0
21 72 -91
21 34 36
21 47 -78
21 56 -37
21 25 2
6 14 -43
6 64 -87
6 1 -77
54 90 56
54 22 -28
54 98 -11
54 76 28
24 78 17
15 24 32
15 45 -59
15 53 -52
58 28 44
58 6 -40
58 2 -38
58 23 8
58 93 -3
74 40 -26
74 76 -2
14 74 2
58 81 16
15 72 -75
35 15 34
20 32 75
20 61 50
20 47 3
20 27 -79
20 46 55
20 69 -57
42 20 90
42 72 -91
12 53 51
12 64 14
56 95 -57
56 61 -10
56 84 -32
56 22 -22
56 42 -3
31 42 25
31 26 -20
31 12 -77
31 2 0
31 84 -64
12 24 2
12 48 -8
12 71 -52
36 84 29
36 30 -23
36 6 3
36 72 -49
36 18 -79
36 83 -61
86 55 41
86 71 -29
86 74 -52
86 42 32
86 99 -8
2 62 74
2 18 -4
2 95 -41
2 27 -49
2 15 5
2 64 7
2 42 -66
6 77 -87
23 25 -84
69 34 -16
69 4 -34
40 4 -56
40 69 -56
40 41 -93
69 85 -39
23 69 -12
64 59 55
72 69 -91
72 61 18
64 72 19
20 82 -93
20 55 -74
62 95 -61
62 98 37
23 64 55
23 15 -27
23 72 -27
23 82 -89
22 3 -88
98 82 58
62 71 40
62 47 -32
62 24 -73
9 77 -59
98 25 20
98 24 -30
98 44 2
98 93 -45
98 40 -3
59 11 8
59 76 -38
59 24 -55
59 28 -70
59 48 -92
27 55 -85
26 65 35
66 4 67
40 26 3
22 82 -14
77 81 13
1 47 -86
1 76 0
22 78 22
40 22 28
18 83 -53
18 95 -83
66 18 -25
18 28 -17
18 34 -35
18 24 -33
93 4 -81
46 74 -47
46 66 -51
46 84 -86
66 46 37
66 14 -100
14 26 40
14 30 -72
47 78 -100
47 82 -57
81 90 30
81 65 -46
81 26 35
66 49 -65
48 90 -40
39 82 35
3 77 36
61 83 41
61 25 -75
68 34 22
46 34 72
45 95 -57
63 3 12
30 44 66
30 45 -58
30 84 -55
24 34 36
90 32 -92
74 1 57
74 32 -23
3 67 -6
3 65 -25
4 61 10
4 69 -21
99 61 -7
99 67 -61
67 4 15
28 84 32
77 1 39
77 32 -4
77 28 -20
84 78 32
78 67 -56
28 78 52
28 34 14
25 71 52
61 49 -97
49 34 -44
