-3330
1 0 0
3 2 13
3 0 -3
7 3 46
7 6 -77
8 6 -25
8 1 0
8 5 38
8 2 -59
9 6 76
9 3 -76
10 4 -17
11 2 -99
12 3 -95
12 6 -34
12 5 0
13 12 62
13 4 -65
13 3 -77
13 2 22
14 0 24
14 9 -78
14 6 -6
14 7 59
14 10 -58
15 8 21
15 7 40
16 7 -42
16 3 75
17 12 40
17 16 -74
17 8 -15
17 0 -45
18 7 -45
18 16 61
18 10 -6
19 7 -62
19 4 57
19 17 55
19 8 -50
20 6 81
21 13 27
21 10 -65
21 18 -68
21 9 -68
22 14 5
22 7 -89
22 10 -21
22 2 6
22 19 59
22 9 -23
22 17 78
23 9 -33
23 12 44
23 16 -32
23 6 -3
23 14 53
24 21 55
24 19 23
24 10 -14
24 9 -19
24 7 3
24 22 24
25 3 54
25 21 -3
25 12 -36
25 7 61
25 15 53
25 0 -24
25 19 12
25 23 36
26 22 1
26 6 52
26 1 -25
26 8 -5
26 23 47
26 17 53
26 10 43
26 7 62
26 24 41
27 3 46
27 4 64
27 8 -67
27 11 51
27 13 -7
27 19 63
28 24 -23
28 4 -67
28 5 -70
29 9 -75
29 4 74
29 10 -100
29 27 -55
29 23 22
29 5 -76
29 2 58
29 15 -67
29 17 -16
30 10 -84
30 21 -68
30 7 -19
30 2 21
30 13 -41
30 4 24
31 6 -78
31 10 67
31 29 19
31 22 -45
31 7 -51
31 26 9
32 21 75
32 3 3
32 30 -90
32 23 -84
32 11 -89
32 22 -53
32 18 -46
32 4 44
33 3 -98
33 30 -67
33 7 40
33 8 -6
33 17 -95
33 32 -93
33 14 -91
34 12 -84
34 20 -56
34 25 -19
34 8 27
34 32 -59
34 4 16
34 27 -52
34 14 -59
35 9 -63
35 10 -15
35 22 1
35 1 47
35 6 -18
35 34 -50
35 3 48
35 28 -76
35 32 33
35 12 41
36 9 -81
36 2 -63
36 20 -1
36 5 -90
36 6 51
36 15 63
36 21 -58
36 19 -51
36 18 58
36 30 -51
37 30 19
37 18 61
37 17 33
38 31 -34
38 3 36
38 12 47
38 16 -11
38 27 -72
38 23 33
39 10 -100
39 23 -61
39 31 -10
39 11 55
39 3 68
39 15 18
39 6 43
39 21 -92
40 0 -68
40 7 19
40 9 50
40 39 -83
40 16 55
40 13 -77
40 23 -92
40 15 -18
41 18 5
41 9 -24
41 16 41
41 35 -74
41 10 -70
41 31 -77
42 16 -26
42 38 50
42 2 -54
42 5 -81
42 0 57
42 39 -45
42 7 -39
42 24 -76
42 6 32
42 32 -69
42 29 40
43 40 -12
43 0 17
43 36 -65
43 9 -61
43 17 2
44 7 47
44 8 -12
44 10 -47
44 29 49
44 6 13
44 37 -57
45 10 11
45 1 -61
45 15 -66
45 2 -81
45 8 -100
45 5 -6
45 13 -17
46 40 50
46 24 20
46 12 -81
46 36 -51
46 31 -97
47 16 -94
47 37 -50
47 7 -32
47 21 38
47 33 41
47 29 -73
47 44 -24
47 23 11
47 25 47
48 46 30
48 45 21
48 20 -16
48 19 23
48 3 64
48 6 -42
48 47 -18
48 40 30
48 28 -47
48 12 34
48 2 59
48 23 7
48 37 -79
48 21 -68
48 27 -41
49 22 -18
49 32 26
49 48 -48
49 19 12
49 6 -88
49 35 -43
49 37 -83
49 8 44
49 30 -81
