-1069
201 156 -95
174 463 -26
183 201 40
436 400 -28
348 436 86
240 341 -29
420 199 -66
158 337 13
172 134 83
172 223 83
111 398 -96
439 344 -43
304 216 57
378 121 -73
61 415 50
70 111 2
194 362 -25
419 477 63
319 126 87
59 43 -31
15 6 50
376 319 23
363 82 -90
188 398 60
188 70 7
445 199 89
445 215 -68
132 175 99
60 184 -46
285 291 -66
285 334 17
185 179 -45
157 10 -49
385 329 45
385 483 -54
397 362 -59
104 419 -25
478 393 -26
478 304 9
164 445 -31
387 99 -41
387 247 -51
143 477 79
379 8 88
379 276 67
493 143 -51
395 142 53
437 111 89
115 155 -42
115 495 -44
208 322 -90
272 419 61
272 247 -15
168 454 -45
24 404 -50
254 448 55
254 420 -85
492 420 -79
492 341 0
71 399 98
71 9 -55
71 285 -95
326 337 80
408 126 28
350 82 -12
375 173 -30
190 174 -90
151 370 25
152 489 -79
152 445 16
357 73 -63
317 255 76
189 373 -78
189 486 1
189 378 29
189 384 -58
97 427 -1
97 35 10
499 270 33
356 420 18
356 70 -33
76 445 -68
76 77 -48
494 66 72
494 98 -12
116 91 -39
116 325 24
116 157 3
269 77 -84
434 120 -13
434 332 -42
434 356 -81
182 482 -20
50 192 -48
160 471 10
160 384 -79
343 42 -7
343 132 -85
217 69 71
123 476 91
425 152 24
297 455 0
297 423 92
297 174 100
41 372 49
41 301 73
41 432 -48
41 95 -38
274 248 -23
324 120 -44
324 255 -49
324 146 -98
171 319 34
352 159 92
352 142 3
352 115 54
177 235 45
177 421 -98
177 171 -21
177 238 42
177 492 29
177 329 -34
75 215 45
490 210 2
63 125 94
63 97 48
371 183 11
228 28 93
391 398 46
178 292 -55
294 490 -82
294 334 -99
294 397 -76
294 104 76
294 71 -62
107 18 94
413 1 97
413 121 -48
411 1 -97
129 415 5
129 44 12
129 177 3
129 413 -58
129 81 9
140 83 -76
140 80 1
140 54 10
140 406 -23
467 184 53
467 264 -70
467 391 95
496 217 -3
496 357 98
496 266 -40
331 432 -90
186 54 -66
186 60 -32
186 203 74
204 467 91
204 184 40
220 69 16
335 302 -71
396 206 62
396 72 -89
396 164 -18
130 71 -52
130 250 -74
45 235 -40
45 206 -41
45 438 -85
45 471 -71
45 301 -20
45 204 80
45 494 42
45 316 -67
382 452 66
382 72 94
222 498 -69
222 232 29
288 190 -16
108 186 -24
108 71 45
108 379 56
108 310 -28
108 331 59
108 485 -27
462 213 -33
462 74 -92
147 401 27
147 80 85
147 240 69
447 248 19
447 95 -48
340 27 46
340 466 -45
340 385 -7
298 232 28
298 356 60
298 349 -99
298 495 -47
298 7 -39
298 316 -28
488 254 51
488 10 88
488 232 -76
457 140 17
457 162 82
459 228 92
290 104 -62
345 281 44
117 217 12
117 260 31
117 171 -58
117 187 80
211 303 28
211 217 32
211 182 -54
211 238 59
345 326 12
345 341 -70
345 406 43
345 52 -38
290 333 -61
312 455 22
241 284 -40
275 303 38
458 483 98
374 15 -9
374 260 53
374 343 72
374 50 -15
207 24 64
78 467 14
78 462 27
263 397 -63
198 263 70
198 322 19
198 92 -81
198 324 46
198 460 -71
263 100 92
263 385 25
263 376 -70
78 396 40
78 478 20
78 168 97
78 173 -60
78 20 -6
156 179 -66
309 204 -58
202 187 19
202 152 99
202 160 11
265 326 -40
265 214 69
428 259 -94
428 91 29
428 85 -69
428 44 -76
428 439 13
256 437 -42
367 102 68
367 177 -63
367 276 53
133 247 -14
355 463 -54
355 375 -98
355 264 -52
355 438 34
355 477 86
299 42 69
261 419 -92
261 260 44
261 234 -16
261 232 84
441 197 14
441 410 72
441 434 18
112 434 27
271 94 66
271 110 74
271 349 56
112 370 -23
112 477 -14
150 147 -63
150 91 8
491 206 87
491 10 22
491 362 -74
360 125 90
360 247 -12
360 349 -46
360 457 -37
360 301 70
150 35 93
150 463 81
221 350 -43
221 355 -66
119 58 -39
138 454 47
138 475 -34
409 269 -93
409 352 79
424 98 87
424 378 93
13 90 53
13 312 -59
13 402 61
13 103 93
13 111 35
13 414 71
13 192 -42
13 322 -55
13 83 -38
424 406 93
424 434 66
444 186 83
444 113 -26
444 58 -9
444 231 -10
444 294 6
444 223 -50
444 249 -15
245 433 25
389 406 30
89 485 -40
84 91 67
84 470 -51
141 182 40
141 472 70
282 194 -82
282 98 63
327 457 -61
327 132 -41
308 217 48
12 433 75
12 151 -54
12 454 -68
131 26 69
131 54 -86
131 189 90
131 326 48
131 292 -10
131 426 -67
246 493 60
246 376 -28
236 146 -84
277 28 36
277 448 31
277 492 -85
16 246 -64
16 177 -21
16 92 -66
16 299 63
23 146 -42
23 222 0
23 265 -24
461 370 -93
461 26 -60
461 299 -6
461 53 -63
277 156 73
277 477 -30
236 485 54
442 190 -90
442 301 -89
442 325 -60
442 152 -40
442 99 -31
442 447 -33
236 331 10
258 132 56
394 335 11
394 312 -69
394 219 90
394 322 35
394 377 0
394 494 -39
11 168 85
11 165 97
11 460 29
11 373 -98
11 241 43
30 80 28
30 352 19
239 387 72
239 21 -50
365 470 -25
365 180 34
365 384 -66
365 322 -26
365 185 -61
365 238 95
330 435 -63
330 226 -93
239 294 -25
239 207 -47
435 192 27
435 448 -88
233 153 -34
233 134 55
233 143 -91
30 481 8
30 24 -56
106 222 99
106 387 68
166 202 81
166 390 -91
166 31 -50
318 414 -53
449 255 36
449 374 -11
449 73 -61
449 120 -76
289 188 -80
289 115 -34
289 100 82
289 385 46
289 208 55
456 155 62
87 283 40
449 52 -15
318 377 65
318 446 -59
106 379 -43
106 217 68
242 31 -89
242 254 -31
242 357 -50
339 479 32
339 383 -53
339 391 -32
339 175 73
242 294 15
242 76 58
242 249 40
242 90 -8
242 297 -53
242 228 73
242 180 -3
236 411 -88
236 454 -97
361 328 22
149 284 67
149 137 -57
149 178 40
149 35 -82
149 182 97
361 329 -17
361 48 79
361 310 71
361 105 46
388 215 -42
388 81 88
388 79 -64
3 452 30
407 344 35
407 100 -61
144 355 81
353 278 44
67 119 49
67 333 65
353 483 -90
353 79 28
353 385 19
353 222 71
353 69 -100
144 249 49
144 90 -27
144 199 -50
144 443 3
230 404 -1
230 326 90
230 400 -29
230 338 12
225 303 -16
484 308 97
484 118 100
225 201 41
139 376 10
469 84 89
469 161 -10
469 306 -18
469 493 -32
86 460 73
86 187 82
86 359 20
212 217 -22
212 322 -35
212 276 26
417 68 65
101 42 61
25 391 11
25 207 76
25 375 -25
25 61 -52
25 15 -63
25 86 -76
497 81 -79
497 366 63
497 86 -53
497 305 32
109 475 30
314 27 -5
314 79 -54
314 110 33
314 193 62
314 220 34
314 246 -51
109 255 -19
109 256 -54
109 207 -87
109 179 -62
497 91 71
497 216 -10
251 247 -6
122 326 35
122 436 69
122 344 -44
122 468 13
122 103 -24
47 340 -95
47 279 98
47 343 99
47 493 97
47 105 -40
47 187 6
136 199 -69
136 344 29
251 347 -71
251 445 96
40 367 -13
40 414 64
40 208 -76
101 399 41
422 397 40
422 272 79
101 8 17
101 308 -99
101 396 18
417 134 -21
417 10 -94
417 264 -86
417 250 25
417 383 82
417 9 -57
86 145 2
469 437 -43
469 453 -86
139 415 -43
139 264 21
407 448 -83
407 216 59
407 115 95
381 24 -81
381 346 11
313 12 10
313 60 61
313 451 -60
29 184 81
29 53 -69
29 308 -27
429 376 -22
342 73 -21
342 407 60
342 161 31
342 478 75
342 262 42
342 269 -2
342 291 68
342 12 -26
342 214 86
342 459 -72
429 115 -7
429 304 -31
358 98 -67
412 451 86
412 287 -93
412 256 -100
412 171 -95
412 99 -92
412 250 41
368 169 92
368 179 80
368 408 0
368 438 -98
368 261 79
368 8 30
368 391 95
429 490 1
429 355 -31
429 194 39
29 489 63
29 478 -3
313 68 -62
313 302 -31
381 3 -13
381 36 -28
381 482 12
354 85 90
354 214 54
354 7 -26
354 244 17
354 297 -96
354 373 -45
354 478 -15
354 306 4
354 169 -68
354 490 -71
450 396 -29
381 352 -42
407 496 40
380 175 65
380 174 49
3 488 -25
3 187 -8
3 428 -31
236 333 -40
236 268 -83
236 431 -62
163 282 58
163 60 6
163 395 -80
246 72 21
246 59 -25
246 159 52
131 279 40
131 152 85
131 120 -4
131 433 30
346 261 73
346 50 97
346 175 -95
346 279 33
346 274 -14
416 247 36
346 57 97
346 269 -97
12 282 -82
12 478 7
308 9 91
308 340 -10
93 494 -69
93 253 -94
327 415 97
327 221 47
327 88 26
327 190 -19
327 2 -57
282 375 -81
282 231 -68
282 284 31
282 348 14
141 38 1
351 309 -68
280 443 40
84 125 68
84 443 -80
89 349 -13
89 134 35
89 191 44
389 60 23
389 439 4
389 220 -94
389 196 -73
386 227 -20
386 395 9
386 43 46
386 490 -92
386 35 -47
245 187 22
392 182 -98
392 121 -72
392 391 -79
392 293 91
392 189 -67
392 231 -79
245 72 52
245 460 -69
245 359 24
245 302 -10
245 486 -25
409 336 34
409 472 -72
409 215 -21
409 316 54
409 0 62
409 213 45
414 480 -76
414 68 9
328 103 -9
328 329 -35
473 103 80
473 26 -66
473 295 -67
473 79 48
473 445 66
473 62 -9
328 82 -8
328 378 -60
328 100 -28
138 201 46
138 486 -78
37 319 32
37 317 -69
37 145 78
196 397 -42
196 349 87
14 256 36
14 408 79
14 182 51
170 204 -38
170 269 -54
170 297 8
154 276 81
154 319 33
154 309 13
154 10 66
209 408 -81
209 220 24
209 145 -71
49 266 35
49 82 -54
209 377 1
221 98 -36
299 451 -7
299 207 59
299 340 3
299 35 -63
299 76 -68
299 373 -94
133 489 -21
133 22 2
133 162 -17
256 46 -13
256 347 99
256 371 -54
256 159 18
428 125 -73
428 278 -66
265 81 37
265 232 35
265 295 79
249 426 -22
249 151 45
90 352 -84
90 147 -36
237 490 -5
237 199 -49
309 189 26
309 132 -68
156 210 -72
440 102 -88
440 477 76
440 281 -18
440 485 55
440 304 -11
207 190 -59
374 95 -36
374 18 90
374 372 -9
458 77 -95
458 185 16
458 201 11
275 26 -53
241 421 6
38 222 -7
38 235 -77
38 83 58
38 42 -47
312 203 -50
312 270 18
312 240 -63
312 326 42
312 379 -98
312 431 -24
33 498 45
312 248 -84
290 291 83
279 200 5
279 423 -85
459 62 8
459 104 49
321 77 27
488 338 -24
488 325 -78
340 348 23
340 95 9
340 329 84
320 302 94
320 329 57
320 494 9
320 499 5
320 356 94
286 266 -39
286 371 -2
286 430 44
286 186 -40
286 413 -76
286 476 93
286 39 -12
286 262 63
340 204 53
340 347 96
377 483 -59
5 468 -61
5 158 64
5 153 60
5 291 68
5 401 -11
5 69 -40
5 326 -54
377 227 93
273 162 17
273 338 93
273 272 69
284 297 -69
284 479 -27
447 21 91
447 53 89
447 336 -3
147 214 -61
147 495 57
462 383 45
462 406 -85
462 254 86
462 18 -96
462 115 98
462 164 30
64 42 -55
222 383 -66
222 216 -38
259 238 99
259 56 -87
259 185 -40
259 21 27
259 36 64
259 184 -26
259 145 33
396 496 -11
335 85 2
335 248 -25
335 294 63
148 420 17
148 43 -56
148 56 53
148 110 -10
148 180 -52
148 145 59
148 9 -67
148 208 43
335 421 -57
113 79 -54
113 427 -43
220 467 -13
220 370 -84
220 306 39
405 79 -68
405 83 31
405 383 -71
114 423 3
114 398 58
114 182 -63
114 178 62
114 375 -30
114 1 -41
114 281 18
204 103 -47
331 28 100
496 390 -70
214 349 54
214 262 -48
214 357 71
214 485 54
467 22 -96
140 401 -99
140 305 71
140 206 37
32 99 79
32 187 35
32 316 58
176 216 8
176 254 -98
32 448 24
260 97 -19
260 231 -46
260 373 -74
260 161 98
260 102 75
7 413 48
7 336 -77
7 487 29
7 419 -38
293 370 -42
293 455 -9
293 216 -95
293 254 33
293 8 -52
293 215 -58
295 185 29
295 9 14
295 182 28
295 70 -62
295 238 -32
295 43 53
295 375 24
295 57 8
203 439 -84
203 357 64
203 408 -67
203 99 -93
206 146 -45
206 285 12
206 283 78
206 173 -89
206 357 -3
206 421 13
485 210 -29
305 384 -72
305 378 29
124 107 -78
124 476 36
124 161 83
124 336 31
124 188 69
411 471 70
413 24 -28
107 91 40
107 134 -10
294 157 -34
178 264 -90
178 310 -64
178 192 14
178 70 23
391 35 51
228 254 -98
228 341 48
228 42 -65
371 31 -92
371 197 16
371 499 -91
205 74 46
205 46 -75
205 310 -24
205 44 -42
267 125 -42
267 235 -93
267 128 -59
267 92 58
267 210 -8
267 56 7
371 446 7
371 104 96
135 96 -14
135 270 -96
200 15 20
200 397 5
200 161 -56
200 434 99
307 191 -97
307 185 1
63 399 49
479 177 89
479 421 -34
479 69 33
181 43 -3
181 59 40
181 98 -74
181 487 46
181 82 83
181 427 77
181 357 69
490 287 43
490 301 -71
352 362 -7
352 27 -62
171 50 61
465 402 -68
17 103 27
465 395 4
465 332 77
466 476 -12
466 250 -82
466 297 88
46 432 21
403 306 3
403 334 71
105 343 -50
105 436 -99
105 474 26
105 253 58
274 20 14
274 451 -50
137 224 -33
137 325 -98
53 247 40
165 356 88
165 175 -65
165 255 90
165 98 -8
165 215 -56
165 18 -81
302 179 -46
123 215 56
123 292 33
123 436 38
123 366 -68
303 486 49
303 219 -70
229 385 -91
229 317 56
213 59 -95
213 431 -21
213 183 35
217 296 1
217 182 -34
191 493 -83
191 88 70
343 423 -42
343 159 -85
159 155 -78
159 359 18
159 15 13
160 208 24
50 151 60
218 400 95
218 383 -8
218 310 15
218 0 -9
50 336 -89
50 482 -99
68 315 -10
68 153 -16
34 452 71
34 329 20
34 453 52
418 118 -42
494 10 48
494 408 26
20 433 35
20 344 -69
20 423 -79
76 478 -36
76 197 -38
499 291 50
499 248 76
257 240 25
499 169 -16
120 71 -54
390 146 -31
390 448 24
390 395 -84
97 317 57
97 420 23
97 348 55
72 19 46
72 460 31
72 316 -2
103 81 -45
62 401 -11
317 470 55
317 270 2
357 419 61
357 184 -38
357 474 -97
357 276 -49
357 482 2
357 399 -87
262 240 -14
262 292 -76
262 443 -68
190 359 51
169 115 55
169 427 79
169 234 61
315 121 51
315 437 -36
315 393 -59
306 433 -28
306 430 -81
306 26 78
306 24 -24
375 183 -52
350 26 9
350 71 23
471 348 -75
4 378 -22
408 85 40
326 341 -62
326 483 -4
238 270 21
125 336 92
125 325 20
464 142 -17
464 74 -66
162 319 -30
162 223 37
162 54 -18
162 121 -56
446 421 1
71 161 74
95 486 -26
492 333 -72
19 168 -16
9 292 39
9 234 -96
128 161 -92
128 99 56
128 281 34
128 184 75
443 234 27
443 22 68
443 81 -30
443 415 61
470 455 69
254 468 70
231 285 58
24 489 -10
24 423 4
24 100 -98
24 48 90
79 406 86
79 104 -40
79 498 -77
35 272 24
35 474 -44
44 56 43
44 379 80
255 439 0
118 498 76
118 421 -4
452 183 -7
452 311 -74
272 420 -99
300 344 92
300 419 -93
85 96 93
85 362 -70
85 395 -42
433 115 28
433 319 -71
433 142 21
433 57 12
433 430 -48
208 304 -12
366 432 -30
73 493 56
73 180 68
48 474 80
48 15 -78
48 349 -42
115 234 39
115 1 -23
115 121 -38
395 26 -41
493 39 -100
493 8 34
493 347 13
379 174 15
332 385 46
332 83 68
332 223 4
347 454 15
347 247 14
192 304 11
192 322 -33
192 28 41
55 0 -42
164 453 -62
164 276 51
164 431 15
431 36 -36
431 463 -75
161 193 -100
161 270 80
161 157 77
406 325 -84
100 188 53
100 402 22
98 319 30
195 402 -39
195 247 19
195 173 98
195 18 -35
98 325 -75
104 146 49
104 219 86
397 337 -50
397 278 -20
270 234 37
270 385 -33
270 477 43
401 325 23
401 173 56
401 180 57
432 21 -60
432 91 90
252 319 -27
253 15 4
402 304 86
402 268 82
364 60 -14
364 341 -1
157 337 -63
226 80 -89
226 311 71
185 180 -4
185 460 26
185 56 27
483 174 -1
483 56 37
325 36 -70
325 42 97
427 193 -21
427 498 -59
155 1 65
155 341 87
42 43 54
60 349 18
54 26 -14
322 468 71
58 183 -69
58 215 81
468 421 -45
468 372 -18
468 235 -55
142 0 -74
142 311 66
8 398 90
132 474 -97
80 463 14
80 291 -62
80 474 64
383 292 -94
173 248 -42
173 430 72
173 74 100
278 436 55
278 310 36
1 400 -53
445 410 -61
445 111 -67
276 201 -30
276 43 25
188 232 86
82 316 -91
438 175 29
438 454 -85
376 393 -69
376 334 -37
244 455 58
244 235 36
495 92 -28
453 439 -65
15 52 -15
59 477 -96
153 439 70
167 219 -98
167 39 -63
153 349 55
126 174 -66
126 158 -84
498 436 55
421 463 23
194 341 5
194 26 78
410 174 -87
410 292 -23
311 26 7
311 400 -15
311 370 -95
74 110 -78
74 28 -56
70 175 44
70 6 -96
180 174 34
370 378 -73
281 393 -17
281 296 -36
281 404 -61
455 436 -87
21 301 70
26 454 53
323 134 53
481 183 -67
61 219 69
487 175 62
487 248 45
56 0 81
219 240 75
219 2 17
219 489 -83
336 134 18
292 232 -39
404 344 77
111 215 18
77 344 84
373 92 -15
489 175 -31
420 341 41
193 240 -69
296 341 86
341 210 73
448 400 62
18 199 -51
127 398 -83
301 184 99
52 210 92
454 39 30
