1411
14 23 -100
12 3 -77
21 26 99
18 3 45
13 11 12
13 3 -78
13 12 -20
13 21 -38
13 10 -17
23 18 29
23 3 -67
27 10 47
27 8 100
27 23 -55
27 22 -83
27 1 -2
15 26 12
15 14 1
2 15 66
20 19 -32
20 26 -37
20 23 -56
20 21 25
20 6 -98
29 28 -27
29 8 -55
29 10 -67
29 15 18
9 23 -88
9 11 28
9 2 -55
9 17 27
9 24 -65
9 28 -93
9 16 16
9 18 -40
9 0 -24
9 12 89
9 22 18
9 21 30
9 13 -55
9 8 39
9 19 6
9 14 57
9 6 -73
9 29 86
9 4 97
9 26 -33
9 7 18
5 26 80
5 4 11
5 2 74
5 0 -48
5 21 -17
5 23 -22
5 12 -49
5 28 84
5 11 -99
5 7 79
5 14 -74
5 1 -17
5 8 -85
5 27 -30
5 16 -28
5 24 -56
5 18 43
5 10 30
5 6 58
5 29 85
5 17 92
5 3 -9
5 25 -64
5 22 95
5 9 20
5 20 29
5 13 62
5 15 73
5 19 -13
9 20 -68
9 1 92
9 3 72
9 25 -14
9 15 25
9 10 -75
9 27 23
29 17 46
29 21 -96
29 3 -84
29 23 47
29 1 42
29 25 28
29 2 -34
29 0 50
29 24 -31
29 18 22
29 12 -16
29 11 -92
29 27 -45
29 19 -64
29 16 49
29 22 25
29 7 -4
29 26 -9
29 20 36
29 6 88
29 13 -68
29 4 43
29 14 -30
28 7 -100
28 11 85
28 15 -94
28 4 63
28 13 63
28 25 5
28 1 -65
28 8 13
28 14 -28
28 19 100
28 3 49
28 6 55
28 24 -21
28 18 23
28 2 63
28 20 98
28 27 68
28 16 58
28 10 69
28 22 38
28 23 45
28 12 72
28 26 64
28 21 59
28 17 48
28 0 -73
16 0 -47
16 14 46
16 6 -20
16 2 -65
16 11 -95
16 20 -23
16 8 -45
16 24 91
16 12 94
16 23 -66
16 17 -92
16 27 6
16 3 90
16 19 -84
16 21 -56
16 25 -7
16 18 -32
16 4 -26
16 26 48
16 13 9
16 15 -81
16 1 40
16 7 -93
16 10 53
16 22 -50
20 22 -19
20 3 -38
20 7 84
20 25 -86
20 11 68
20 0 -80
20 4 0
20 17 -12
20 14 3
20 8 33
20 13 33
20 2 19
20 27 94
20 18 -56
20 15 99
20 12 -29
20 24 -61
20 1 24
20 10 100
2 24 41
2 11 -14
2 1 -88
2 3 91
2 4 -22
2 21 -54
2 6 94
2 18 34
2 22 -67
2 27 -46
2 17 -68
2 13 81
2 0 -100
2 10 58
2 14 23
2 8 68
2 7 -26
2 12 19
2 23 -88
2 26 -91
2 25 -9
2 19 70
15 7 -46
15 18 9
15 13 41
15 8 100
15 27 -42
15 23 12
15 19 9
15 17 -10
15 0 -48
15 21 -6
15 3 4
15 22 -82
15 1 -10
15 11 -43
15 24 88
15 4 97
15 25 -88
15 10 3
15 6 17
15 12 51
27 18 -35
27 3 -4
27 12 90
27 24 -32
27 11 53
27 0 60
27 13 15
27 14 25
27 6 76
27 25 -33
27 17 -39
27 26 -92
27 21 94
27 7 -81
27 19 -80
27 4 92
23 0 -29
23 19 -63
23 12 65
23 8 26
23 25 -9
23 22 42
23 7 -33
23 24 -20
23 26 70
23 11 92
23 21 67
23 1 100
23 4 -5
23 10 37
23 17 -79
23 6 -10
23 14 6
23 13 23
1 8 -81
1 26 75
1 11 -19
1 22 99
1 0 38
1 17 76
1 7 -95
1 13 86
1 18 70
1 19 82
1 12 -16
1 6 97
1 14 -22
1 21 -38
1 3 72
1 25 54
1 4 -95
1 10 -49
1 24 -54
13 7 -74
13 0 23
13 14 100
13 6 -70
13 26 -7
13 24 39
13 18 67
13 19 -6
13 25 79
13 22 -74
13 8 -77
13 17 6
13 4 56
22 21 1
22 3 90
22 17 69
22 4 8
22 11 52
22 19 -97
22 26 59
22 8 -33
22 10 64
22 12 -6
22 18 18
22 7 -44
22 24 -31
22 0 35
22 6 81
22 25 -78
22 14 71
19 18 48
19 25 68
19 14 -76
19 0 78
19 11 -91
19 10 -34
19 6 0
19 12 -80
19 7 54
19 17 -15
19 4 79
19 21 68
19 26 -89
19 24 -38
19 3 -67
19 8 56
4 0 -42
4 18 -13
4 3 25
4 6 79
4 17 68
4 24 -58
4 26 51
4 14 26
4 7 96
4 10 -91
4 11 18
4 21 78
4 8 44
4 12 -23
4 25 10
11 3 -2
11 12 21
11 8 94
11 24 20
11 26 52
11 0 4
11 10 51
11 25 -11
11 6 68
11 21 30
11 18 -30
11 7 -71
11 17 -15
11 14 -60
17 14 -67
17 18 26
17 0 -27
17 8 49
17 10 -98
17 3 -93
17 21 11
17 6 -57
17 24 87
17 26 51
17 7 66
17 25 -62
17 12 66
18 26 35
18 10 -30
18 21 28
18 24 -20
18 6 -41
18 0 -35
18 12 66
18 14 95
18 25 10
18 7 37
18 8 -48
25 26 -73
25 7 -38
25 3 -97
25 10 31
25 8 -69
25 12 98
25 21 -24
25 0 76
25 14 -44
25 6 -72
25 24 -65
7 21 24
7 0 -48
7 8 -23
7 14 33
7 3 -13
7 12 -88
7 26 51
7 6 -28
7 10 -3
7 24 16
8 6 43
8 10 -24
8 26 55
8 12 -43
8 14 97
8 24 99
8 0 -75
8 3 62
8 21 -82
21 0 -30
21 10 -84
21 24 92
21 6 -71
21 3 -18
21 12 -60
21 14 38
12 0 52
12 6 60
12 14 55
12 10 -35
12 24 -37
12 26 30
10 3 -10
10 6 16
10 0 -11
10 14 72
10 24 -46
10 26 -22
14 0 -54
14 24 -25
14 6 15
14 26 55
14 3 76
6 26 -49
6 24 22
6 3 -44
6 0 46
26 3 -16
26 24 48
26 0 -44
24 0 42
24 3 -97
3 0 -32
